<?xml version="1.0" encoding="UTF-8"?>
<!-- Generated by org.testng.reporters.JUnitXMLReporter -->
<testsuite hostname="DESKTOP-7R99657" ignored="0" name="Test" tests="2" failures="1" timestamp="21 May 2018 14:41:45 GMT" time="0.086" errors="0">
  <testcase name="sam" time="0.016" classname="corssBrowsers.VerifyTitle"/>
  <testcase name="browsers" time="0.004" classname="corssBrowsers.VerifyTitle">
    <failure type="java.lang.NullPointerException">
      <![CDATA[java.lang.NullPointerException
at corssBrowsers.VerifyTitle.browsers(VerifyTitle.java:39)
... Removed 25 stack frames]]>
    </failure>
  </testcase> <!-- browsers -->
</testsuite> <!-- Test -->
