<?xml version="1.0" encoding="UTF-8"?>
<!-- Generated by org.testng.reporters.JUnitXMLReporter -->
<testsuite hostname="DESKTOP-7R99657" ignored="0" name="Test" tests="2" failures="1" timestamp="21 May 2018 15:20:53 GMT" time="1.685" errors="0">
  <testcase name="sam" time="0.018" classname="corssBrowsers.VerifyTitle"/>
  <testcase name="browsers" time="1.604" classname="corssBrowsers.VerifyTitle">
    <failure type="java.lang.NoSuchMethodError" message="com.google.gson.GsonBuilder.setLenient()Lcom/google/gson/GsonBuilder;">
      <![CDATA[java.lang.NoSuchMethodError: com.google.gson.GsonBuilder.setLenient()Lcom/google/gson/GsonBuilder;
at org.openqa.selenium.json.Json.<clinit>(Json.java:47)
at org.openqa.selenium.logging.profiler.HttpProfilerLogEntry.constructMessage(HttpProfilerLogEntry.java:37)
at org.openqa.selenium.logging.profiler.HttpProfilerLogEntry.<init>(HttpProfilerLogEntry.java:29)
at org.openqa.selenium.remote.HttpCommandExecutor.execute(HttpCommandExecutor.java:135)
at org.openqa.selenium.remote.service.DriverCommandExecutor.execute(DriverCommandExecutor.java:83)
at org.openqa.selenium.remote.RemoteWebDriver.execute(RemoteWebDriver.java:545)
at org.openqa.selenium.remote.RemoteWebDriver.startSession(RemoteWebDriver.java:209)
at org.openqa.selenium.remote.RemoteWebDriver.<init>(RemoteWebDriver.java:132)
at org.openqa.selenium.chrome.ChromeDriver.<init>(ChromeDriver.java:181)
at org.openqa.selenium.chrome.ChromeDriver.<init>(ChromeDriver.java:168)
at org.openqa.selenium.chrome.ChromeDriver.<init>(ChromeDriver.java:123)
at corssBrowsers.VerifyTitle.browsers(VerifyTitle.java:35)
... Removed 25 stack frames]]>
    </failure>
  </testcase> <!-- browsers -->
</testsuite> <!-- Test -->
