<?xml version="1.0" encoding="UTF-8"?>
<testng-results skipped="0" failed="0" ignored="0" total="3" passed="3">
  <reporter-output>
  </reporter-output>
  <suite name="Suite" duration-ms="21581" started-at="2018-05-22T03:38:27Z" finished-at="2018-05-22T03:38:49Z">
    <groups>
    </groups>
    <test name="RegressionTest" duration-ms="69" started-at="2018-05-22T03:38:27Z" finished-at="2018-05-22T03:38:27Z">
      <class name="TestNGTesting.RegressionTesting">
        <test-method status="PASS" signature="regression(java.lang.String)[pri:1, instance:TestNGTesting.RegressionTesting@e24743]" name="regression" duration-ms="20" started-at="2018-05-22T03:38:27Z" description="Regression test" finished-at="2018-05-22T03:38:27Z">
          <params>
            <param index="0">
              <value>
                <![CDATA[This is a Regression test]]>
              </value>
            </param>
          </params>
          <reporter-output>
          </reporter-output>
        </test-method> <!-- regression -->
      </class> <!-- TestNGTesting.RegressionTesting -->
    </test> <!-- RegressionTest -->
    <test name="SmokeTest" duration-ms="21432" started-at="2018-05-22T03:38:28Z" finished-at="2018-05-22T03:38:49Z">
      <class name="TestNGTesting.SmokeTesting">
        <test-method status="PASS" signature="smoke(java.lang.String)[pri:1, instance:TestNGTesting.SmokeTesting@11b0d2a]" name="smoke" duration-ms="2" started-at="2018-05-22T03:38:28Z" description="Smoke Test" finished-at="2018-05-22T03:38:28Z">
          <params>
            <param index="0">
              <value>
                <![CDATA[This is a smoke test]]>
              </value>
            </param>
          </params>
          <reporter-output>
          </reporter-output>
        </test-method> <!-- smoke -->
        <test-method status="PASS" signature="home()[pri:2, instance:TestNGTesting.SmokeTesting@11b0d2a]" name="home" duration-ms="21421" started-at="2018-05-22T03:38:28Z" description="This a smoke test to test store.demoqa.com" finished-at="2018-05-22T03:38:49Z">
          <reporter-output>
          </reporter-output>
        </test-method> <!-- home -->
      </class> <!-- TestNGTesting.SmokeTesting -->
    </test> <!-- SmokeTest -->
  </suite> <!-- Suite -->
</testng-results>
