<?xml version="1.0" encoding="UTF-8"?>
<testng-results skipped="0" failed="0" ignored="0" total="3" passed="3">
  <reporter-output>
  </reporter-output>
  <suite name="Suite" duration-ms="131276" started-at="2018-05-22T14:54:42Z" finished-at="2018-05-22T14:56:53Z">
    <groups>
    </groups>
    <test name="Test" duration-ms="131276" started-at="2018-05-22T14:54:42Z" finished-at="2018-05-22T14:56:53Z">
      <class name="TestNGTesting.RegressionTesting">
        <test-method status="PASS" signature="regression(java.lang.String)[pri:1, instance:TestNGTesting.RegressionTesting@70a3d8]" name="regression" duration-ms="3" started-at="2018-05-22T14:56:08Z" description="Regression test" finished-at="2018-05-22T14:56:08Z">
          <params>
            <param index="0">
              <value is-null="true"/>
            </param>
          </params>
          <reporter-output>
          </reporter-output>
        </test-method> <!-- regression -->
      </class> <!-- TestNGTesting.RegressionTesting -->
      <class name="TestNGCrossBrowserTest.TestNGCrossBrowserTest">
        <test-method status="PASS" signature="browserSelect(java.lang.String)[pri:0, instance:TestNGCrossBrowserTest.TestNGCrossBrowserTest@1881071]" name="browserSelect" duration-ms="85731" started-at="2018-05-22T14:54:42Z" finished-at="2018-05-22T14:56:08Z">
          <params>
            <param index="0">
              <value>
                <![CDATA[chrome]]>
              </value>
            </param>
          </params>
          <reporter-output>
          </reporter-output>
        </test-method> <!-- browserSelect -->
      </class> <!-- TestNGCrossBrowserTest.TestNGCrossBrowserTest -->
      <class name="SeleniumTest.DriverTest">
        <test-method status="PASS" signature="browser()[pri:5, instance:SeleniumTest.DriverTest@1738a82]" name="browser" duration-ms="45237" started-at="2018-05-22T14:56:08Z" description="just testing the chrome driver " finished-at="2018-05-22T14:56:53Z">
          <reporter-output>
          </reporter-output>
        </test-method> <!-- browser -->
      </class> <!-- SeleniumTest.DriverTest -->
    </test> <!-- Test -->
  </suite> <!-- Suite -->
</testng-results>
