<?xml version="1.0" encoding="UTF-8"?>
<!-- Generated by org.testng.reporters.JUnitXMLReporter -->
<testsuite hostname="DESKTOP-7R99657" ignored="0" name="TestNGCrossBrowserTest" tests="4" failures="0" timestamp="22 May 2018 05:42:28 GMT" time="40.512" errors="0">
  <testcase name="browserSelect" time="17.546" classname="TestNGCrossBrowserTest.TestNGCrossBrowserTest"/>
  <testcase name="regression" time="0.001" classname="TestNGTesting.RegressionTesting"/>
  <testcase name="smoke" time="0.002" classname="TestNGTesting.SmokeTesting"/>
  <testcase name="home" time="22.898" classname="TestNGTesting.SmokeTesting"/>
</testsuite> <!-- TestNGCrossBrowserTest -->
