<?xml version="1.0" encoding="UTF-8"?>
<!-- Generated by org.testng.reporters.JUnitXMLReporter -->
<testsuite hostname="DESKTOP-7R99657" ignored="0" name="Test" tests="3" failures="0" timestamp="22 May 2018 14:56:59 GMT" time="131.276" errors="0">
  <testcase name="browserSelect" time="85.731" classname="TestNGCrossBrowserTest.TestNGCrossBrowserTest"/>
  <testcase name="regression" time="0.003" classname="TestNGTesting.RegressionTesting"/>
  <testcase name="browser" time="45.237" classname="SeleniumTest.DriverTest"/>
</testsuite> <!-- Test -->
